[The GENIE spy reports]

$GENIE                       -> /local/xrootd/a/users/genie/GENIE_v2100_UK_SF
$SRT_ENV_SET                 -> **undefined**
$LD_LIBRARY_PATH             -> /local/xrootd/a/users/genie/support/root/lib:/local/xrootd/a/users/genie/GENIE_v2100_UK_SF/lib:/local/xrootd/a/users/genie/support/v6_412/lib:/usr/local/lib64:/lib::/usr/lib64:/local/xrootd/a/users/genie/support/root/lib:/local/xrootd/a/users/genie/GENIEtrunk290/lib:/local/xrootd/a/users/genie/support/v6_412/lib:/usr/local/lib64:/lib::/usr/lib64:/local/xrootd/a/users/genie/support/root/lib:/local/xrootd/a/users/genie/GENIEtrunk290/lib:/local/xrootd/a/users/genie/support/v6_412/lib:/usr/local/lib64:/lib::/usr/lib64:
$DYLD_LIBRARY_PATH           -> **undefined**
$PATH                        -> /local/xrootd/a/users/genie/support/root/bin:/local/xrootd/a/users/genie/GENIE_v2100_UK_SF/bin:/bin:/local/xrootd/a/users/genie/support/root/bin:/local/xrootd/a/users/genie/GENIEtrunk290/bin:/bin:/local/xrootd/a/users/genie/support/root/bin:/local/xrootd/a/users/genie/GENIEtrunk290/bin:/bin:/usr/local/bin:/bin:/usr/bin:/usr/local/sbin:/usr/sbin:/sbin

Saving the configuration of your GENIE installation: 

# 
 # Make.config 
 # This file was automatically generated by the 'configure' script  
 # and is included into the project Makefiles  
 # 
 GENIE_INSTALLATION_PATH=/usr
 GOPT_ENABLE_PROFILER=NO
 GOPT_ENABLE_DOXYGEN_DOC=NO
 GOPT_ENABLE_DYLIBVERSION=YES
 GOPT_ENABLE_LOW_LEVEL_MESG=NO
 GOPT_ENABLE_LHAPDF=YES
 GOPT_ENABLE_CERNLIB=NO
 GOPT_ENABLE_FLUX_DRIVERS=YES
 GOPT_ENABLE_GEOM_DRIVERS=YES
 GOPT_ENABLE_VLE_EXTENSION=NO
 GOPT_ENABLE_VALIDATION_TOOLS=YES
 GOPT_ENABLE_MUELOSS=YES
 GOPT_ENABLE_TEST=YES
 GOPT_ENABLE_T2K=YES
 GOPT_ENABLE_FNAL=NO
 GOPT_ENABLE_ATMO=YES
 GOPT_ENABLE_NUCLEON_DECAY=YES
 GOPT_ENABLE_RWGHT=YES
 GOPT_ENABLE_FASTSIM=NO
 GOPT_ENABLE_MASTERCLASS=YES
 GOPT_WITH_CXX_DEBUG_FLAG=
 GOPT_WITH_CXX_OPTIMIZ_FLAG=-O2
 GOPT_WITH_PROFILER_LIB=
 GOPT_WITH_DOXYGEN_PATH=
 GOPT_WITH_PYTHIA6_LIB=/local/xrootd/a/users/genie/support/v6_412/lib
 GOPT_WITH_CERN_LIB=
 GOPT_WITH_LHAPDF_LIB=/usr/local/lib
 GOPT_WITH_LHAPDF_INC=/usr/local/include/
 GOPT_WITH_LIBXML2_INC=/usr/include/libxml2
 GOPT_WITH_LIBXML2_LIB=/usr/lib/
 GOPT_WITH_LOG4CPP_INC=/usr/local/include/log4cpp
 GOPT_WITH_LOG4CPP_LIB=/usr/local/lib
 

Saving the configuration of your ROOT installation: 

--enable-pythia6 --enable-mathmore --with-pythia6-libdir=/local/xrootd/a/users/genie/support/v6_412/lib 

Saving info on your OS, activity, disk usage & quota limit: 

Linux atlas-inode02.phyast.pitt.edu 2.6.32-504.16.2.el6.x86_64 #1 SMP Tue Apr 21 10:35:19 CDT 2015 x86_64 x86_64 x86_64 GNU/Linux

Filesystem             1K-blocks        Used  Available Use% Mounted on
/dev/mapper/vg_inode-root
                         8125880     2814672    4891780  37% /
tmpfs                   16432848           0   16432848   0% /dev/shm
/dev/sda1                 487652       63667     398385  14% /boot
/dev/mapper/vg_inode-opt
                        32896880       49084   31170076   1% /opt
/dev/mapper/vg_inode-tmp
                        32896880       50740   31168420   1% /tmp
/dev/mapper/vg_inode-var
                        16382888     1063444   14480584   7% /var
/dev/mapper/vg_inode-cvmfs
                        25671996    15742196    8619080  65% /var/lib/cvmfs
/dev/mapper/vg_inode-condorlog
                        16382888       90268   15453760   1% /var/log/condor
/dev/mapper/xrootdvg-xrootd
                     17308188672 11879242920 5428945752  69% /local/xrootd/a
fnode:/NFSV4exports/home
                       991800320   764601344  175998976  82% /export/home

