[The GENIE spy reports]

$GENIE                       -> /home/joe/GENIE_work/GENIE_v2.10.0
$SRT_ENV_SET                 -> **undefined**
$LD_LIBRARY_PATH             -> **undefined**
$DYLD_LIBRARY_PATH           -> **undefined**
$PATH                        -> /usr/local/sbin:/usr/local/bin:/usr/sbin:/usr/bin:/sbin:/bin

Saving the configuration of your GENIE installation: 

# 
 # Make.config 
 # This file was automatically generated by the 'configure' script  
 # and is included into the project Makefiles  
 # 
 GENIE_INSTALLATION_PATH=/home/joe/GENIE_work
 GOPT_ENABLE_PROFILER=NO
 GOPT_ENABLE_DOXYGEN_DOC=NO
 GOPT_ENABLE_DYLIBVERSION=YES
 GOPT_ENABLE_LOW_LEVEL_MESG=NO
 GOPT_ENABLE_LHAPDF=YES
 GOPT_ENABLE_CERNLIB=NO
 GOPT_ENABLE_FLUX_DRIVERS=YES
 GOPT_ENABLE_GEOM_DRIVERS=YES
 GOPT_ENABLE_VLE_EXTENSION=NO
 GOPT_ENABLE_VALIDATION_TOOLS=YES
 GOPT_ENABLE_MUELOSS=YES
 GOPT_ENABLE_TEST=YES
 GOPT_ENABLE_T2K=YES
 GOPT_ENABLE_FNAL=NO
 GOPT_ENABLE_ATMO=YES
 GOPT_ENABLE_NUCLEON_DECAY=YES
 GOPT_ENABLE_RWGHT=YES
 GOPT_ENABLE_FASTSIM=NO
 GOPT_ENABLE_MASTERCLASS=YES
 GOPT_WITH_CXX_DEBUG_FLAG=
 GOPT_WITH_CXX_OPTIMIZ_FLAG=-O2
 GOPT_WITH_PROFILER_LIB=
 GOPT_WITH_DOXYGEN_PATH=
 GOPT_WITH_PYTHIA6_LIB=/opt/pythia/v6_424/lib
 GOPT_WITH_CERN_LIB=
 GOPT_WITH_LHAPDF_LIB=/opt/LHAPDF-6.1.5/src/.libs
 GOPT_WITH_LHAPDF_INC=/opt/LHAPDF-6.1.5/include
 GOPT_WITH_LIBXML2_INC=/usr/include/libxml2
 GOPT_WITH_LIBXML2_LIB=/usr/share/aclocal
 GOPT_WITH_LOG4CPP_INC=/opt/log4cpp/include
 GOPT_WITH_LOG4CPP_LIB=/opt/log4cpp/lib
 

Saving the configuration of your ROOT installation: 

 

Saving info on your OS, activity, disk usage & quota limit: 

Linux S855 3.13.0-68-generic #111-Ubuntu SMP Fri Nov 6 18:17:06 UTC 2015 x86_64 x86_64 x86_64 GNU/Linux

Filesystem     1K-blocks     Used Available Use% Mounted on
/dev/sda5       42080800 28668336  11251824  72% /
none                   4        0         4   0% /sys/fs/cgroup
udev             4040120        4   4040116   1% /dev
tmpfs             810184     1356    808828   1% /run
none                5120        0      5120   0% /run/lock
none             4050904    18304   4032600   1% /run/shm
none              102400       44    102356   1% /run/user

